<?xml version="1.0" encoding="UTF-8"?>
<!-- Generated by org.testng.reporters.JUnitReportReporter -->
<testsuite hostname="WKWIN1233388" failures="0" tests="3" name="Base.testClass" time="4.723" errors="0" timestamp="2021-12-05T08:01:20 IST" skipped="0">
  <testcase classname="Base.testClass" name="searchForFrind" time="4.645"/>
  <system-out/>
  <testcase classname="Base.testClass" name="getCountOfFriends" time="0.044"/>
  <system-out/>
  <testcase classname="Base.testClass" name="getLocationOfUser" time="0.034"/>
  <system-out/>
</testsuite> <!-- Base.testClass -->
